#
# A fatal error has been detected by the Java Runtime Environment:
#
#  SIGBUS (0xa) at pc=0x00000001013840b7, pid=2280, tid=27143
#
# JRE version: Java(TM) SE Runtime Environment (7.0_79-b15) (build 1.7.0_79-b15)
# Java VM: Java HotSpot(TM) 64-Bit Server VM (24.79-b02 mixed mode bsd-amd64 compressed oops)
# Problematic frame:
# C  [libzip.dylib+0x30b7]  newEntry+0x154
#
# Failed to write core dump. Core dumps have been disabled. To enable core dumping, try "ulimit -c unlimited" before starting Java again
#
# If you would like to submit a bug report, please visit:
#   http://bugreport.java.com/bugreport/crash.jsp
# The crash happened outside the Java Virtual Machine in native code.
# See problematic frame for where to report the bug.
#

---------------  T H R E A D  ---------------

Current thread (0x00007fce949b9800):  JavaThread "Thread-11" [_thread_in_native, id=27143, stack(0x000000010f75b000,0x000000010f85b000)]

siginfo:si_signo=SIGBUS: si_errno=0, si_code=2 (BUS_ADRERR), si_addr=0x000000010dedf820

Registers:
RAX=0x00007fce92c3d760, RBX=0x000000010dedf814, RCX=0x0000000000000001, RDX=0x0000000000000908
RSP=0x000000010f8586b0, RBP=0x000000010f858710, RSI=0x00007fce95000000, RDI=0x000000010110da00
R8 =0x0000000000000004, R9 =0x00000000ffffffe0, R10=0x00000001026e0298, R11=0xfffffff93a32d666
R12=0x0000000000016ed0, R13=0x000000010de0b000, R14=0x00007fce92c3d760, R15=0x00007fce9509a0f0
RIP=0x00000001013840b7, EFLAGS=0x0000000000010206, ERR=0x0000000000000004
  TRAPNO=0x000000000000000e

Top of Stack: (sp=0x000000010f8586b0)
0x000000010f8586b0:   000000000000007b 000000000f858848
0x000000010f8586c0:   000000010215c210 00000000fffffffc
0x000000010f8586d0:   000000010f8586f0 00007fce92c3d760
0x000000010f8586e0:   00007fce95099e00 000000009ac6435b
0x000000010f8586f0:   0000000000016ed0 000000010de0b000
0x000000010f858700:   00007fce92c3d760 00007fce9509a0f0
0x000000010f858710:   000000010f858760 0000000101384725
0x000000010f858720:   000000000000002b 0000002b949b9800
0x000000010f858730:   000000010f85877e 000000010f858bc8
0x000000010f858740:   000000000000002b 000000010f85877e
0x000000010f858750:   00007fce92c3d760 00007fce949b99e8
0x000000010f858760:   000000010f858bb0 0000000101383570
0x000000010f858770:   00007fff8998e9a9 726f000000000001
0x000000010f858780:   7370696c63652f67 2f797474656a2f65
0x000000010f858790:   7475462f6c697475 626c6c6143657275
0x000000010f8587a0:   73616c632e6b6361 00000001ffff0073
0x000000010f8587b0:   000000010f858f38 0000000000000000
0x000000010f8587c0:   000000010f858c10 0000000000000000
0x000000010f8587d0:   0000000000000000 0000000000000004
0x000000010f8587e0:   0000007b00000000 000000010f858a3c
0x000000010f8587f0:   00007fff7567e6b8 00000000ffffffff
0x000000010f858800:   0000000000000000 0000000000000000
0x000000010f858810:   000000007bd486e0 0000000000000000
0x000000010f858820:   0000000000000000 0000000000000000
0x000000010f858830:   0000000000000000 00007fff89943d3d
0x000000010f858840:   000000010f858c10 000000010f858858
0x000000010f858850:   000000007bd48840 000000010215c20d
0x000000010f858860:   0000000000000001 000000010f858a3c
0x000000010f858870:   0000000000000004 000000010f858a37
0x000000010f858880:   0000000000000009 00000000ffffffdb
0x000000010f858890:   000000010f858cc0 00007fff8994dfe6
0x000000010f8588a0:   0000000000000000 000000010f858a38 

Instructions: (pc=0x00000001013840b7)
0x0000000101384097:   49 8b 7f 38 e8 9c 1a 00 00 4d 89 77 38 49 89 5f
0x00000001013840a7:   40 4c 89 f0 48 85 c0 0f 84 16 05 00 00 48 89 c3
0x00000001013840b7:   0f b6 43 0c 0f b6 4b 0d 48 c1 e1 08 48 01 c1 0f
0x00000001013840c7:   b6 43 0e 0f b6 53 0f 48 c1 e2 08 48 01 c2 48 c1 

Register to memory mapping:

RAX=0x00007fce92c3d760 is an unknown value
RBX=0x000000010dedf814 is an unknown value
RCX=0x0000000000000001 is an unknown value
RDX=0x0000000000000908 is an unknown value
RSP=0x000000010f8586b0 is pointing into the stack for thread: 0x00007fce949b9800
RBP=0x000000010f858710 is pointing into the stack for thread: 0x00007fce949b9800
RSI=0x00007fce95000000 is an unknown value
RDI=0x000000010110da00 is an unknown value
R8 =0x0000000000000004 is an unknown value
R9 =0x00000000ffffffe0 is an unknown value
R10=0x00000001026e0298 is at entry_point+88 in (nmethod*)0x00000001026e00d0
R11=0xfffffff93a32d666 is an unknown value
R12=0x0000000000016ed0 is an unknown value
R13=0x000000010de0b000 is an unknown value
R14=0x00007fce92c3d760 is an unknown value
R15=0x00007fce9509a0f0 is an unknown value


Stack: [0x000000010f75b000,0x000000010f85b000],  sp=0x000000010f8586b0,  free space=1013k
Native frames: (J=compiled Java code, j=interpreted, Vv=VM code, C=native code)
C  [libzip.dylib+0x30b7]  newEntry+0x154
C  [libzip.dylib+0x3725]  ZIP_GetEntry+0xa2
C  [libzip.dylib+0x2570]  Java_java_util_zip_ZipFile_getEntry+0xdd
J 253  java.util.zip.ZipFile.getEntry(J[BZ)J (0 bytes) @ 0x00000001026e030e [0x00000001026e0240+0xce]
j  java.util.zip.ZipFile.getEntry(Ljava/lang/String;)Ljava/util/zip/ZipEntry;+38
j  java.util.jar.JarFile.getEntry(Ljava/lang/String;)Ljava/util/zip/ZipEntry;+2
J 44 C2 sun.misc.URLClassPath$JarLoader.getResource(Ljava/lang/String;Z)Lsun/misc/Resource; (91 bytes) @ 0x00000001026e804c [0x00000001026e7f00+0x14c]
J 61 C2 sun.misc.URLClassPath.getResource(Ljava/lang/String;Z)Lsun/misc/Resource; (74 bytes) @ 0x00000001026ed7b0 [0x00000001026ed740+0x70]
j  java.net.URLClassLoader$1.run()Ljava/lang/Class;+26
j  java.net.URLClassLoader$1.run()Ljava/lang/Object;+1
v  ~StubRoutines::call_stub
V  [libjvm.dylib+0x2dbef8]  JavaCalls::call_helper(JavaValue*, methodHandle*, JavaCallArguments*, Thread*)+0x22a
V  [libjvm.dylib+0x2dbcc8]  JavaCalls::call(JavaValue*, methodHandle, JavaCallArguments*, Thread*)+0x28
V  [libjvm.dylib+0x32f4b8]  JVM_DoPrivileged+0x411
j  java.security.AccessController.doPrivileged(Ljava/security/PrivilegedExceptionAction;Ljava/security/AccessControlContext;)Ljava/lang/Object;+0
j  java.net.URLClassLoader.findClass(Ljava/lang/String;)Ljava/lang/Class;+13
j  java.lang.ClassLoader.loadClass(Ljava/lang/String;Z)Ljava/lang/Class;+70
j  sun.misc.Launcher$AppClassLoader.loadClass(Ljava/lang/String;Z)Ljava/lang/Class;+36
j  java.lang.ClassLoader.loadClass(Ljava/lang/String;)Ljava/lang/Class;+3
v  ~StubRoutines::call_stub
V  [libjvm.dylib+0x2dbef8]  JavaCalls::call_helper(JavaValue*, methodHandle*, JavaCallArguments*, Thread*)+0x22a
V  [libjvm.dylib+0x2dc40f]  JavaCalls::call_virtual(JavaValue*, KlassHandle, Symbol*, Symbol*, JavaCallArguments*, Thread*)+0x11b
V  [libjvm.dylib+0x2dc4f8]  JavaCalls::call_virtual(JavaValue*, Handle, KlassHandle, Symbol*, Symbol*, Handle, Thread*)+0x56
V  [libjvm.dylib+0x4cb21a]  SystemDictionary::load_instance_class(Symbol*, Handle, Thread*)+0x300
V  [libjvm.dylib+0x4cab86]  SystemDictionary::resolve_instance_class_or_null(Symbol*, Handle, Handle, Thread*)+0x4bc
V  [libjvm.dylib+0x4cb464]  SystemDictionary::resolve_or_null(Symbol*, Handle, Handle, Thread*)+0x104
V  [libjvm.dylib+0x4cb895]  SystemDictionary::resolve_or_fail(Symbol*, Handle, Handle, bool, Thread*)+0x31
V  [libjvm.dylib+0x1ea042]  constantPoolOopDesc::klass_at_impl(constantPoolHandle, int, Thread*)+0x1fa
V  [libjvm.dylib+0x2d805b]  InterpreterRuntime::_new(JavaThread*, constantPoolOopDesc*, int)+0x2f
j  org.eclipse.jetty.server.AbstractConnector.shutdown()Ljava/util/concurrent/Future;+0
j  org.eclipse.jetty.server.AbstractNetworkConnector.shutdown()Ljava/util/concurrent/Future;+5
j  org.eclipse.jetty.server.ServerConnector.shutdown()Ljava/util/concurrent/Future;+1
j  org.eclipse.jetty.server.Server.doStop()V+60
j  org.eclipse.jetty.util.component.AbstractLifeCycle.stop()V+30
j  org.eclipse.jetty.util.thread.ShutdownThread.run()V+41
v  ~StubRoutines::call_stub
V  [libjvm.dylib+0x2dbef8]  JavaCalls::call_helper(JavaValue*, methodHandle*, JavaCallArguments*, Thread*)+0x22a
V  [libjvm.dylib+0x2dc40f]  JavaCalls::call_virtual(JavaValue*, KlassHandle, Symbol*, Symbol*, JavaCallArguments*, Thread*)+0x11b
V  [libjvm.dylib+0x2dc54c]  JavaCalls::call_virtual(JavaValue*, Handle, KlassHandle, Symbol*, Symbol*, Thread*)+0x4a
V  [libjvm.dylib+0x32b43a]  thread_entry(JavaThread*, Thread*)+0xad
V  [libjvm.dylib+0x4f759d]  JavaThread::thread_main_inner()+0x9b
V  [libjvm.dylib+0x4f8ca5]  JavaThread::run()+0x1a3
V  [libjvm.dylib+0x421c4e]  java_start(Thread*)+0x126
C  [libsystem_pthread.dylib+0x3268]  _pthread_body+0x83
C  [libsystem_pthread.dylib+0x31e5]  _pthread_body+0x0
C  [libsystem_pthread.dylib+0x141d]  thread_start+0xd

Java frames: (J=compiled Java code, j=interpreted, Vv=VM code)
J 253  java.util.zip.ZipFile.getEntry(J[BZ)J (0 bytes) @ 0x00000001026e0298 [0x00000001026e0240+0x58]
j  java.util.zip.ZipFile.getEntry(Ljava/lang/String;)Ljava/util/zip/ZipEntry;+38
j  java.util.jar.JarFile.getEntry(Ljava/lang/String;)Ljava/util/zip/ZipEntry;+2
J 44 C2 sun.misc.URLClassPath$JarLoader.getResource(Ljava/lang/String;Z)Lsun/misc/Resource; (91 bytes) @ 0x00000001026e804c [0x00000001026e7f00+0x14c]
J 61 C2 sun.misc.URLClassPath.getResource(Ljava/lang/String;Z)Lsun/misc/Resource; (74 bytes) @ 0x00000001026ed7b0 [0x00000001026ed740+0x70]
j  java.net.URLClassLoader$1.run()Ljava/lang/Class;+26
j  java.net.URLClassLoader$1.run()Ljava/lang/Object;+1
v  ~StubRoutines::call_stub
j  java.security.AccessController.doPrivileged(Ljava/security/PrivilegedExceptionAction;Ljava/security/AccessControlContext;)Ljava/lang/Object;+0
j  java.net.URLClassLoader.findClass(Ljava/lang/String;)Ljava/lang/Class;+13
j  java.lang.ClassLoader.loadClass(Ljava/lang/String;Z)Ljava/lang/Class;+70
j  sun.misc.Launcher$AppClassLoader.loadClass(Ljava/lang/String;Z)Ljava/lang/Class;+36
j  java.lang.ClassLoader.loadClass(Ljava/lang/String;)Ljava/lang/Class;+3
v  ~StubRoutines::call_stub
j  org.eclipse.jetty.server.AbstractConnector.shutdown()Ljava/util/concurrent/Future;+0
j  org.eclipse.jetty.server.AbstractNetworkConnector.shutdown()Ljava/util/concurrent/Future;+5
j  org.eclipse.jetty.server.ServerConnector.shutdown()Ljava/util/concurrent/Future;+1
j  org.eclipse.jetty.server.Server.doStop()V+60
j  org.eclipse.jetty.util.component.AbstractLifeCycle.stop()V+30
j  org.eclipse.jetty.util.thread.ShutdownThread.run()V+41
v  ~StubRoutines::call_stub

---------------  P R O C E S S  ---------------

Java Threads: ( => current thread )
=>0x00007fce949b9800 JavaThread "Thread-11" [_thread_in_native, id=27143, stack(0x000000010f75b000,0x000000010f85b000)]
  0x00007fce9407c000 JavaThread "SIGINT handler" daemon [_thread_blocked, id=13187, stack(0x000000010be7a000,0x000000010bf7a000)]
  0x00007fce93144800 JavaThread "dw-admin-92" [_thread_blocked, id=12411, stack(0x000000010f555000,0x000000010f655000)]
  0x00007fce9314b000 JavaThread "Scheduler-1668284522" [_thread_blocked, id=27407, stack(0x000000010f452000,0x000000010f552000)]
  0x00007fce9408b800 JavaThread "dw-admin-27-acceptor-1@16997a1e-admin@5790730d{HTTP/1.1}{0.0.0.0:8081}" [_thread_blocked, id=26371, stack(0x000000010f34f000,0x000000010f44f000)]
  0x00007fce938e0800 JavaThread "dw-admin-26-acceptor-0@7d738df9-admin@5790730d{HTTP/1.1}{0.0.0.0:8081}" [_thread_in_native, id=25859, stack(0x000000010f24c000,0x000000010f34c000)]
  0x00007fce94920800 JavaThread "dw-admin-25-selector-ServerConnectorManager@50584ce6/3" [_thread_in_native, id=25347, stack(0x000000010f149000,0x000000010f249000)]
  0x00007fce9300c800 JavaThread "dw-admin-24-selector-ServerConnectorManager@50584ce6/2" [_thread_in_native, id=24835, stack(0x000000010f046000,0x000000010f146000)]
  0x00007fce9498f800 JavaThread "DestroyJavaVM" [_thread_blocked, id=4867, stack(0x0000000101238000,0x0000000101338000)]
  0x00007fce930e4800 JavaThread "dw-admin-22-selector-ServerConnectorManager@50584ce6/1" [_thread_in_native, id=24323, stack(0x000000010ef43000,0x000000010f043000)]
  0x00007fce939e6800 JavaThread "dw-admin-21-selector-ServerConnectorManager@50584ce6/0" [_thread_in_native, id=23815, stack(0x000000010ee40000,0x000000010ef40000)]
  0x00007fce93216000 JavaThread "dw-18" [_thread_blocked, id=23299, stack(0x000000010ed3d000,0x000000010ee3d000)]
  0x00007fce931b6800 JavaThread "dw-17" [_thread_blocked, id=22787, stack(0x000000010ec3a000,0x000000010ed3a000)]
  0x00007fce931b6000 JavaThread "dw-16" [_thread_blocked, id=22275, stack(0x000000010eb37000,0x000000010ec37000)]
  0x00007fce931b3000 JavaThread "dw-15" [_thread_blocked, id=21763, stack(0x000000010ea34000,0x000000010eb34000)]
  0x00007fce931b2800 JavaThread "dw-14-selector-ServerConnectorManager@7d3eb2e/3" [_thread_in_native, id=21251, stack(0x000000010e931000,0x000000010ea31000)]
  0x00007fce93154000 JavaThread "dw-13-selector-ServerConnectorManager@7d3eb2e/2" [_thread_in_native, id=20739, stack(0x000000010e82e000,0x000000010e92e000)]
  0x00007fce9316f000 JavaThread "dw-12-selector-ServerConnectorManager@7d3eb2e/1" [_thread_in_native, id=20227, stack(0x000000010e72b000,0x000000010e82b000)]
  0x00007fce94924000 JavaThread "dw-11-selector-ServerConnectorManager@7d3eb2e/0" [_thread_in_native, id=19715, stack(0x000000010e628000,0x000000010e728000)]
  0x00007fce938df800 JavaThread "AsyncAppender-Worker-Thread-2" daemon [_thread_blocked, id=19203, stack(0x000000010e525000,0x000000010e625000)]
  0x00007fce938f3000 JavaThread "AsyncAppender-Worker-Thread-1" daemon [_thread_blocked, id=18691, stack(0x000000010e422000,0x000000010e522000)]
  0x00007fce9305b000 JavaThread "Service Thread" daemon [_thread_blocked, id=17667, stack(0x000000010da5d000,0x000000010db5d000)]
  0x00007fce93034000 JavaThread "C2 CompilerThread1" daemon [_thread_blocked, id=17155, stack(0x000000010d95a000,0x000000010da5a000)]
  0x00007fce93033800 JavaThread "C2 CompilerThread0" daemon [_thread_blocked, id=16643, stack(0x000000010d857000,0x000000010d957000)]
  0x00007fce93035000 JavaThread "Signal Dispatcher" daemon [_thread_blocked, id=13331, stack(0x000000010d754000,0x000000010d854000)]
  0x00007fce93801000 JavaThread "Finalizer" daemon [_thread_blocked, id=11523, stack(0x000000010bd36000,0x000000010be36000)]
  0x00007fce93800800 JavaThread "Reference Handler" daemon [_thread_blocked, id=11011, stack(0x000000010bc33000,0x000000010bd33000)]

Other Threads:
  0x00007fce94040800 VMThread [stack: 0x000000010bb30000,0x000000010bc30000] [id=10499]
  0x00007fce93063800 WatcherThread [stack: 0x000000010db60000,0x000000010dc60000] [id=18179]

VM state:not at safepoint (normal execution)

VM Mutex/Monitor currently owned by a thread: None

Heap
 PSYoungGen      total 72704K, used 6147K [0x00000007d5500000, 0x00000007da100000, 0x0000000800000000)
  eden space 67584K, 1% used [0x00000007d5500000,0x00000007d5600e90,0x00000007d9700000)
  from space 5120K, 100% used [0x00000007d9700000,0x00000007d9c00000,0x00000007d9c00000)
  to   space 5120K, 0% used [0x00000007d9c00000,0x00000007d9c00000,0x00000007da100000)
 ParOldGen       total 87040K, used 13836K [0x0000000780000000, 0x0000000785500000, 0x00000007d5500000)
  object space 87040K, 15% used [0x0000000780000000,0x0000000780d832c0,0x0000000785500000)
 PSPermGen       total 25088K, used 25040K [0x000000077ae00000, 0x000000077c680000, 0x0000000780000000)
  object space 25088K, 99% used [0x000000077ae00000,0x000000077c6743a8,0x000000077c680000)

Card table byte_map: [0x0000000105723000,0x0000000105b4d000] byte_map_base: 0x0000000101b4c000

Polling page: 0x0000000101377000

Code Cache  [0x0000000102663000, 0x00000001028d3000, 0x0000000105663000)
 total_blobs=618 nmethods=251 adapters=321 free_code_cache=48202Kb largest_free_block=49318912

Compilation events (10 events):
Event: 310.033 Thread 0x00007fce93033800  249             java.lang.Object::equals (11 bytes)
Event: 310.033 Thread 0x00007fce93033800 nmethod 249 0x00000001026cb9d0 code [0x00000001026cbb00, 0x00000001026cbb78]
Event: 310.072 Thread 0x00007fce93034000  250             java.util.zip.ZipFile::ensureOpen (37 bytes)
Event: 310.072 Thread 0x00007fce93033800  251             java.util.zip.ZipCoder::getBytes (192 bytes)
Event: 310.072 Thread 0x00007fce93034000 nmethod 250 0x00000001026e0450 code [0x00000001026e05a0, 0x00000001026e0638]
Event: 310.072 Thread 0x00007fce93034000  252             java.util.zip.ZipCoder::encoder (35 bytes)
Event: 310.074 Thread 0x00007fce93034000 nmethod 252 0x00000001026dfc50 code [0x00000001026dfdc0, 0x00000001026dff28]
Event: 310.081 Thread 0x00007fce93034000  254  s          java.lang.StringBuffer::append (8 bytes)
Event: 310.083 Thread 0x00007fce93033800 nmethod 251 0x0000000102755ed0 code [0x00000001027560e0, 0x0000000102756860]
Event: 310.085 Thread 0x00007fce93034000 nmethod 254 0x000000010274d450 code [0x000000010274d5c0, 0x000000010274daa8]

GC Heap History (6 events):
Event: 0.834 GC heap before
{Heap before GC invocations=1 (full 0):
 PSYoungGen      total 38912K, used 33792K [0x00000007d5500000, 0x00000007d8000000, 0x0000000800000000)
  eden space 33792K, 100% used [0x00000007d5500000,0x00000007d7600000,0x00000007d7600000)
  from space 5120K, 0% used [0x00000007d7b00000,0x00000007d7b00000,0x00000007d8000000)
  to   space 5120K, 0% used [0x00000007d7600000,0x00000007d7600000,0x00000007d7b00000)
 ParOldGen       total 87040K, used 0K [0x0000000780000000, 0x0000000785500000, 0x00000007d5500000)
  object space 87040K, 0% used [0x0000000780000000,0x0000000780000000,0x0000000785500000)
 PSPermGen       total 21504K, used 14505K [0x000000077ae00000, 0x000000077c300000, 0x0000000780000000)
  object space 21504K, 67% used [0x000000077ae00000,0x000000077bc2a4d8,0x000000077c300000)
Event: 0.845 GC heap after
Heap after GC invocations=1 (full 0):
 PSYoungGen      total 38912K, used 5093K [0x00000007d5500000, 0x00000007da100000, 0x0000000800000000)
  eden space 33792K, 0% used [0x00000007d5500000,0x00000007d5500000,0x00000007d7600000)
  from space 5120K, 99% used [0x00000007d7600000,0x00000007d7af9608,0x00000007d7b00000)
  to   space 5120K, 0% used [0x00000007d9c00000,0x00000007d9c00000,0x00000007da100000)
 ParOldGen       total 87040K, used 3816K [0x0000000780000000, 0x0000000785500000, 0x00000007d5500000)
  object space 87040K, 4% used [0x0000000780000000,0x00000007803ba020,0x0000000785500000)
 PSPermGen       total 21504K, used 14505K [0x000000077ae00000, 0x000000077c300000, 0x0000000780000000)
  object space 21504K, 67% used [0x000000077ae00000,0x000000077bc2a4d8,0x000000077c300000)
}
Event: 1.692 GC heap before
{Heap before GC invocations=2 (full 0):
 PSYoungGen      total 38912K, used 38885K [0x00000007d5500000, 0x00000007da100000, 0x0000000800000000)
  eden space 33792K, 100% used [0x00000007d5500000,0x00000007d7600000,0x00000007d7600000)
  from space 5120K, 99% used [0x00000007d7600000,0x00000007d7af9608,0x00000007d7b00000)
  to   space 5120K, 0% used [0x00000007d9c00000,0x00000007d9c00000,0x00000007da100000)
 ParOldGen       total 87040K, used 3816K [0x0000000780000000, 0x0000000785500000, 0x00000007d5500000)
  object space 87040K, 4% used [0x0000000780000000,0x00000007803ba020,0x0000000785500000)
 PSPermGen       total 21504K, used 20209K [0x000000077ae00000, 0x000000077c300000, 0x0000000780000000)
  object space 21504K, 93% used [0x000000077ae00000,0x000000077c1bc7b8,0x000000077c300000)
Event: 1.703 GC heap after
Heap after GC invocations=2 (full 0):
 PSYoungGen      total 72704K, used 5109K [0x00000007d5500000, 0x00000007da100000, 0x0000000800000000)
  eden space 67584K, 0% used [0x00000007d5500000,0x00000007d5500000,0x00000007d9700000)
  from space 5120K, 99% used [0x00000007d9c00000,0x00000007da0fd738,0x00000007da100000)
  to   space 5120K, 0% used [0x00000007d9700000,0x00000007d9700000,0x00000007d9c00000)
 ParOldGen       total 87040K, used 7678K [0x0000000780000000, 0x0000000785500000, 0x00000007d5500000)
  object space 87040K, 8% used [0x0000000780000000,0x000000078077f950,0x0000000785500000)
 PSPermGen       total 21504K, used 20209K [0x000000077ae00000, 0x000000077c300000, 0x0000000780000000)
  object space 21504K, 93% used [0x000000077ae00000,0x000000077c1bc7b8,0x000000077c300000)
}
Event: 3773.674 GC heap before
{Heap before GC invocations=3 (full 0):
 PSYoungGen      total 72704K, used 72693K [0x00000007d5500000, 0x00000007da100000, 0x0000000800000000)
  eden space 67584K, 100% used [0x00000007d5500000,0x00000007d9700000,0x00000007d9700000)
  from space 5120K, 99% used [0x00000007d9c00000,0x00000007da0fd738,0x00000007da100000)
  to   space 5120K, 0% used [0x00000007d9700000,0x00000007d9700000,0x00000007d9c00000)
 ParOldGen       total 87040K, used 7678K [0x0000000780000000, 0x0000000785500000, 0x00000007d5500000)
  object space 87040K, 8% used [0x0000000780000000,0x000000078077f950,0x0000000785500000)
 PSPermGen       total 25088K, used 25039K [0x000000077ae00000, 0x000000077c680000, 0x0000000780000000)
  object space 25088K, 99% used [0x000000077ae00000,0x000000077c673e60,0x000000077c680000)
Event: 3773.729 GC heap after
Heap after GC invocations=3 (full 0):
 PSYoungGen      total 72704K, used 5120K [0x00000007d5500000, 0x00000007da100000, 0x0000000800000000)
  eden space 67584K, 0% used [0x00000007d5500000,0x00000007d5500000,0x00000007d9700000)
  from space 5120K, 100% used [0x00000007d9700000,0x00000007d9c00000,0x00000007d9c00000)
  to   space 5120K, 0% used [0x00000007d9c00000,0x00000007d9c00000,0x00000007da100000)
 ParOldGen       total 87040K, used 13836K [0x0000000780000000, 0x0000000785500000, 0x00000007d5500000)
  object space 87040K, 15% used [0x0000000780000000,0x0000000780d832c0,0x0000000785500000)
 PSPermGen       total 25088K, used 25039K [0x000000077ae00000, 0x000000077c680000, 0x0000000780000000)
  object space 25088K, 99% used [0x000000077ae00000,0x000000077c673e60,0x000000077c680000)
}

Deoptimization events (10 events):
Event: 1.563 Thread 0x00007fce9300c800 Uncommon trap: reason=bimorphic action=maybe_recompile pc=0x000000010270539c method=java.util.HashMap.<init>(IF)V @ 115
Event: 1.564 Thread 0x00007fce9300c800 Uncommon trap: reason=bimorphic action=maybe_recompile pc=0x000000010270913c method=java.util.HashMap.<init>(IF)V @ 115
Event: 1.565 Thread 0x00007fce9300c800 Uncommon trap: reason=bimorphic action=maybe_recompile pc=0x000000010270539c method=java.util.HashMap.<init>(IF)V @ 115
Event: 1.620 Thread 0x00007fce9300c800 Uncommon trap: reason=class_check action=maybe_recompile pc=0x000000010271dffc method=java.util.HashMap$KeySet.iterator()Ljava/util/Iterator; @ 4
Event: 1.623 Thread 0x00007fce9300c800 Uncommon trap: reason=class_check action=maybe_recompile pc=0x000000010271dffc method=java.util.HashMap$KeySet.iterator()Ljava/util/Iterator; @ 4
Event: 1.623 Thread 0x00007fce9300c800 Uncommon trap: reason=class_check action=maybe_recompile pc=0x000000010271dffc method=java.util.HashMap$KeySet.iterator()Ljava/util/Iterator; @ 4
Event: 1.623 Thread 0x00007fce9300c800 Uncommon trap: reason=class_check action=maybe_recompile pc=0x000000010271dffc method=java.util.HashMap$KeySet.iterator()Ljava/util/Iterator; @ 4
Event: 1.624 Thread 0x00007fce9300c800 Uncommon trap: reason=class_check action=maybe_recompile pc=0x000000010271a168 method=java.util.HashMap$KeySet.iterator()Ljava/util/Iterator; @ 4
Event: 1.849 Thread 0x00007fce9300c800 Uncommon trap: reason=unreached action=reinterpret pc=0x00000001026f18e8 method=java.lang.reflect.Method.equals(Ljava/lang/Object;)Z @ 92
Event: 1.909 Thread 0x00007fce9300c800 Uncommon trap: reason=unreached action=reinterpret pc=0x0000000102733ed0 method=java.lang.Class.searchMethods([Ljava/lang/reflect/Method;Ljava/lang/String;[Ljava/lang/Class;)Ljava/lang/reflect/Method; @ 47

Internal exceptions (10 events):
Event: 310.107 Thread 0x00007fce931b6800 Threw 0x00000007d7b82940 at /HUDSON/workspace/7u-2-build-macosx-x86_64/jdk7u79/2331/hotspot/src/share/vm/prims/jvm.cpp:1304
Event: 310.107 Thread 0x00007fce931b6800 Threw 0x00000007d7b84978 at /HUDSON/workspace/7u-2-build-macosx-x86_64/jdk7u79/2331/hotspot/src/share/vm/prims/jvm.cpp:1304
Event: 310.107 Thread 0x00007fce931b6800 Threw 0x00000007d7b86a68 at /HUDSON/workspace/7u-2-build-macosx-x86_64/jdk7u79/2331/hotspot/src/share/vm/prims/jvm.cpp:1304
Event: 310.107 Thread 0x00007fce931b6800 Threw 0x00000007d7b88b18 at /HUDSON/workspace/7u-2-build-macosx-x86_64/jdk7u79/2331/hotspot/src/share/vm/prims/jvm.cpp:1304
Event: 310.107 Thread 0x00007fce931b6800 Threw 0x00000007d7b8ac00 at /HUDSON/workspace/7u-2-build-macosx-x86_64/jdk7u79/2331/hotspot/src/share/vm/prims/jvm.cpp:1304
Event: 310.107 Thread 0x00007fce931b6800 Threw 0x00000007d7b8ccb8 at /HUDSON/workspace/7u-2-build-macosx-x86_64/jdk7u79/2331/hotspot/src/share/vm/prims/jvm.cpp:1304
Event: 310.107 Thread 0x00007fce931b6800 Threw 0x00000007d7b8ec40 at /HUDSON/workspace/7u-2-build-macosx-x86_64/jdk7u79/2331/hotspot/src/share/vm/prims/jvm.cpp:1304
Event: 310.107 Thread 0x00007fce931b6800 Threw 0x00000007d7b90d60 at /HUDSON/workspace/7u-2-build-macosx-x86_64/jdk7u79/2331/hotspot/src/share/vm/prims/jvm.cpp:1304
Event: 3773.731 Thread 0x00007fce931b6000 Threw 0x00000007d5554a50 at /HUDSON/workspace/7u-2-build-macosx-x86_64/jdk7u79/2331/hotspot/src/share/vm/prims/jni.cpp:717
Event: 3773.732 Thread 0x00007fce949b9800 Threw 0x00000007d552add0 at /HUDSON/workspace/7u-2-build-macosx-x86_64/jdk7u79/2331/hotspot/src/share/vm/prims/jvm.cpp:1304

Events (10 events):
Event: 3773.732 Executing VM operation: RevokeBias
Event: 3773.732 Executing VM operation: RevokeBias done
Event: 3773.732 loading class 0x00007fce950342f0
Event: 3773.732 loading class 0x00007fce950342f0 done
Event: 3773.733 Executing VM operation: RevokeBias
Event: 3773.733 Executing VM operation: RevokeBias done
Event: 3773.733 Executing VM operation: RevokeBias
Event: 3773.733 Executing VM operation: RevokeBias done
Event: 3773.733 Executing VM operation: RevokeBias
Event: 3773.733 Executing VM operation: RevokeBias done


Dynamic libraries:
0x0000000004b55000 	/System/Library/Frameworks/Cocoa.framework/Versions/A/Cocoa
0x0000000004b55000 	/System/Library/Frameworks/Security.framework/Versions/A/Security
0x0000000004b55000 	/System/Library/Frameworks/ApplicationServices.framework/Versions/A/ApplicationServices
0x0000000004b55000 	/usr/lib/libz.1.dylib
0x0000000004b55000 	/usr/lib/libSystem.B.dylib
0x0000000004b55000 	/usr/lib/libobjc.A.dylib
0x0000000004b55000 	/System/Library/Frameworks/CoreFoundation.framework/Versions/A/CoreFoundation
0x0000000004b55000 	/System/Library/Frameworks/Foundation.framework/Versions/C/Foundation
0x0000000004b55000 	/System/Library/Frameworks/AppKit.framework/Versions/C/AppKit
0x0000000004b55000 	/System/Library/Frameworks/CoreData.framework/Versions/A/CoreData
0x0000000004b55000 	/System/Library/PrivateFrameworks/RemoteViewServices.framework/Versions/A/RemoteViewServices
0x0000000004b55000 	/System/Library/PrivateFrameworks/UIFoundation.framework/Versions/A/UIFoundation
0x0000000004b55000 	/System/Library/Frameworks/IOSurface.framework/Versions/A/IOSurface
0x0000000004b55000 	/System/Library/Frameworks/AudioToolbox.framework/Versions/A/AudioToolbox
0x0000000004b55000 	/System/Library/Frameworks/AudioUnit.framework/Versions/A/AudioUnit
0x0000000004b55000 	/System/Library/PrivateFrameworks/DataDetectorsCore.framework/Versions/A/DataDetectorsCore
0x0000000004b55000 	/System/Library/PrivateFrameworks/DesktopServicesPriv.framework/Versions/A/DesktopServicesPriv
0x0000000004b55000 	/System/Library/Frameworks/Carbon.framework/Versions/A/Frameworks/HIToolbox.framework/Versions/A/HIToolbox
0x0000000004b55000 	/System/Library/Frameworks/QuartzCore.framework/Versions/A/QuartzCore
0x0000000004b55000 	/System/Library/Frameworks/Carbon.framework/Versions/A/Frameworks/SpeechRecognition.framework/Versions/A/SpeechRecognition
0x0000000004b55000 	/usr/lib/libauto.dylib
0x0000000004b55000 	/usr/lib/libicucore.A.dylib
0x0000000004b55000 	/usr/lib/libxml2.2.dylib
0x0000000004b55000 	/System/Library/PrivateFrameworks/CoreUI.framework/Versions/A/CoreUI
0x0000000004b55000 	/System/Library/Frameworks/CoreAudio.framework/Versions/A/CoreAudio
0x0000000004b55000 	/System/Library/Frameworks/DiskArbitration.framework/Versions/A/DiskArbitration
0x0000000004b55000 	/usr/lib/liblangid.dylib
0x0000000004b55000 	/System/Library/PrivateFrameworks/MultitouchSupport.framework/Versions/A/MultitouchSupport
0x0000000004b55000 	/System/Library/Frameworks/IOKit.framework/Versions/A/IOKit
0x0000000004b55000 	/usr/lib/libDiagnosticMessagesClient.dylib
0x0000000004b55000 	/System/Library/Frameworks/CoreServices.framework/Versions/A/CoreServices
0x0000000004b55000 	/System/Library/PrivateFrameworks/PerformanceAnalysis.framework/Versions/A/PerformanceAnalysis
0x0000000004b55000 	/System/Library/PrivateFrameworks/GenerationalStorage.framework/Versions/A/GenerationalStorage
0x0000000004b55000 	/System/Library/Frameworks/OpenGL.framework/Versions/A/OpenGL
0x0000000004b55000 	/System/Library/PrivateFrameworks/Sharing.framework/Versions/A/Sharing
0x0000000004b55000 	/System/Library/Frameworks/CoreGraphics.framework/Versions/A/CoreGraphics
0x0000000004b55000 	/System/Library/Frameworks/CoreText.framework/Versions/A/CoreText
0x0000000004b55000 	/System/Library/Frameworks/ImageIO.framework/Versions/A/ImageIO
0x0000000004b55000 	/usr/lib/libextension.dylib
0x0000000004b55000 	/System/Library/PrivateFrameworks/Backup.framework/Versions/A/Backup
0x0000000004b55000 	/usr/lib/libarchive.2.dylib
0x0000000004b55000 	/System/Library/Frameworks/CFNetwork.framework/Versions/A/CFNetwork
0x0000000004b55000 	/System/Library/Frameworks/SystemConfiguration.framework/Versions/A/SystemConfiguration
0x0000000004b55000 	/usr/lib/libCRFSuite.dylib
0x0000000004b55000 	/usr/lib/libc++.1.dylib
0x0000000004b55000 	/usr/lib/libc++abi.dylib
0x0000000004b55000 	/usr/lib/system/libcache.dylib
0x0000000004b55000 	/usr/lib/system/libcommonCrypto.dylib
0x0000000004b55000 	/usr/lib/system/libcompiler_rt.dylib
0x0000000004b55000 	/usr/lib/system/libcopyfile.dylib
0x0000000004b55000 	/usr/lib/system/libcorecrypto.dylib
0x0000000004b55000 	/usr/lib/system/libdispatch.dylib
0x0000000004b55000 	/usr/lib/system/libdyld.dylib
0x0000000004b55000 	/usr/lib/system/libkeymgr.dylib
0x0000000004b55000 	/usr/lib/system/liblaunch.dylib
0x0000000004b55000 	/usr/lib/system/libmacho.dylib
0x0000000004b55000 	/usr/lib/system/libquarantine.dylib
0x0000000004b55000 	/usr/lib/system/libremovefile.dylib
0x0000000004b55000 	/usr/lib/system/libsystem_asl.dylib
0x0000000004b55000 	/usr/lib/system/libsystem_blocks.dylib
0x0000000004b55000 	/usr/lib/system/libsystem_c.dylib
0x0000000004b55000 	/usr/lib/system/libsystem_configuration.dylib
0x0000000004b55000 	/usr/lib/system/libsystem_coreservices.dylib
0x0000000004b55000 	/usr/lib/system/libsystem_coretls.dylib
0x0000000004b55000 	/usr/lib/system/libsystem_dnssd.dylib
0x0000000004b55000 	/usr/lib/system/libsystem_info.dylib
0x0000000004b55000 	/usr/lib/system/libsystem_kernel.dylib
0x0000000004b55000 	/usr/lib/system/libsystem_m.dylib
0x0000000004b55000 	/usr/lib/system/libsystem_malloc.dylib
0x0000000004b55000 	/usr/lib/system/libsystem_network.dylib
0x0000000004b55000 	/usr/lib/system/libsystem_networkextension.dylib
0x0000000004b55000 	/usr/lib/system/libsystem_notify.dylib
0x0000000004b55000 	/usr/lib/system/libsystem_platform.dylib
0x0000000004b55000 	/usr/lib/system/libsystem_pthread.dylib
0x0000000004b55000 	/usr/lib/system/libsystem_sandbox.dylib
0x0000000004b55000 	/usr/lib/system/libsystem_secinit.dylib
0x0000000004b55000 	/usr/lib/system/libsystem_stats.dylib
0x0000000004b55000 	/usr/lib/system/libsystem_trace.dylib
0x0000000004b55000 	/usr/lib/system/libunc.dylib
0x0000000004b55000 	/usr/lib/system/libunwind.dylib
0x0000000004b55000 	/usr/lib/system/libxpc.dylib
0x0000000004b55000 	/usr/lib/libbz2.1.0.dylib
0x0000000004b55000 	/usr/lib/liblzma.5.dylib
0x0000000004b55000 	/usr/lib/libbsm.0.dylib
0x0000000004b55000 	/usr/lib/libsqlite3.dylib
0x0000000004b55000 	/usr/lib/system/libkxld.dylib
0x0000000004b55000 	/usr/lib/libxar.1.dylib
0x0000000004b55000 	/usr/lib/libpam.2.dylib
0x0000000004b55000 	/usr/lib/libOpenScriptingUtil.dylib
0x0000000004b55000 	/System/Library/Frameworks/CoreServices.framework/Versions/A/Frameworks/FSEvents.framework/Versions/A/FSEvents
0x0000000004b55000 	/System/Library/Frameworks/CoreServices.framework/Versions/A/Frameworks/CarbonCore.framework/Versions/A/CarbonCore
0x0000000004b55000 	/System/Library/Frameworks/CoreServices.framework/Versions/A/Frameworks/Metadata.framework/Versions/A/Metadata
0x0000000004b55000 	/System/Library/Frameworks/CoreServices.framework/Versions/A/Frameworks/OSServices.framework/Versions/A/OSServices
0x0000000004b55000 	/System/Library/Frameworks/CoreServices.framework/Versions/A/Frameworks/SearchKit.framework/Versions/A/SearchKit
0x0000000004b55000 	/System/Library/Frameworks/CoreServices.framework/Versions/A/Frameworks/AE.framework/Versions/A/AE
0x0000000004b55000 	/System/Library/Frameworks/CoreServices.framework/Versions/A/Frameworks/LaunchServices.framework/Versions/A/LaunchServices
0x0000000004b55000 	/System/Library/Frameworks/CoreServices.framework/Versions/A/Frameworks/DictionaryServices.framework/Versions/A/DictionaryServices
0x0000000004b55000 	/System/Library/Frameworks/NetFS.framework/Versions/A/NetFS
0x0000000004b55000 	/System/Library/PrivateFrameworks/NetAuth.framework/Versions/A/NetAuth
0x0000000004b55000 	/System/Library/PrivateFrameworks/login.framework/Versions/A/Frameworks/loginsupport.framework/Versions/A/loginsupport
0x0000000004b55000 	/System/Library/PrivateFrameworks/TCC.framework/Versions/A/TCC
0x0000000004b55000 	/usr/lib/libmecabra.dylib
0x0000000004b55000 	/System/Library/Frameworks/ApplicationServices.framework/Versions/A/Frameworks/ATS.framework/Versions/A/ATS
0x0000000004b55000 	/System/Library/Frameworks/ApplicationServices.framework/Versions/A/Frameworks/ColorSync.framework/Versions/A/ColorSync
0x0000000004b55000 	/System/Library/Frameworks/ApplicationServices.framework/Versions/A/Frameworks/HIServices.framework/Versions/A/HIServices
0x0000000004b55000 	/System/Library/Frameworks/ApplicationServices.framework/Versions/A/Frameworks/LangAnalysis.framework/Versions/A/LangAnalysis
0x0000000004b55000 	/System/Library/Frameworks/ApplicationServices.framework/Versions/A/Frameworks/PrintCore.framework/Versions/A/PrintCore
0x0000000004b55000 	/System/Library/Frameworks/ApplicationServices.framework/Versions/A/Frameworks/QD.framework/Versions/A/QD
0x0000000004b55000 	/System/Library/Frameworks/ApplicationServices.framework/Versions/A/Frameworks/SpeechSynthesis.framework/Versions/A/SpeechSynthesis
0x0000000004b55000 	/System/Library/Frameworks/Accelerate.framework/Versions/A/Accelerate
0x0000000004b55000 	/System/Library/Frameworks/Accelerate.framework/Versions/A/Frameworks/vImage.framework/Versions/A/vImage
0x0000000004b55000 	/System/Library/Frameworks/Accelerate.framework/Versions/A/Frameworks/vecLib.framework/Versions/A/vecLib
0x0000000004b55000 	/System/Library/Frameworks/Accelerate.framework/Versions/A/Frameworks/vecLib.framework/Versions/A/libvDSP.dylib
0x0000000004b55000 	/System/Library/Frameworks/Accelerate.framework/Versions/A/Frameworks/vecLib.framework/Versions/A/libvMisc.dylib
0x0000000004b55000 	/System/Library/Frameworks/Accelerate.framework/Versions/A/Frameworks/vecLib.framework/Versions/A/libLAPACK.dylib
0x0000000004b55000 	/System/Library/Frameworks/Accelerate.framework/Versions/A/Frameworks/vecLib.framework/Versions/A/libBLAS.dylib
0x0000000004b55000 	/System/Library/Frameworks/Accelerate.framework/Versions/A/Frameworks/vecLib.framework/Versions/A/libLinearAlgebra.dylib
0x0000000004b55000 	/System/Library/Frameworks/ApplicationServices.framework/Versions/A/Frameworks/ATS.framework/Versions/A/Resources/libFontParser.dylib
0x0000000004b55000 	/System/Library/Frameworks/ApplicationServices.framework/Versions/A/Frameworks/ATS.framework/Versions/A/Resources/libFontRegistry.dylib
0x0000000004b55000 	/System/Library/PrivateFrameworks/AppleVPA.framework/Versions/A/AppleVPA
0x0000000004b55000 	/System/Library/PrivateFrameworks/AppleJPEG.framework/Versions/A/AppleJPEG
0x0000000004b55000 	/System/Library/Frameworks/ImageIO.framework/Versions/A/Resources/libJPEG.dylib
0x0000000004b55000 	/System/Library/Frameworks/ImageIO.framework/Versions/A/Resources/libTIFF.dylib
0x0000000004b55000 	/System/Library/Frameworks/ImageIO.framework/Versions/A/Resources/libPng.dylib
0x0000000004b55000 	/System/Library/Frameworks/ImageIO.framework/Versions/A/Resources/libGIF.dylib
0x0000000004b55000 	/System/Library/Frameworks/ImageIO.framework/Versions/A/Resources/libJP2.dylib
0x0000000004b55000 	/System/Library/Frameworks/ImageIO.framework/Versions/A/Resources/libRadiance.dylib
0x0000000004b55000 	/System/Library/Frameworks/CoreVideo.framework/Versions/A/CoreVideo
0x0000000004b55000 	/System/Library/Frameworks/OpenGL.framework/Versions/A/Libraries/libGLU.dylib
0x0000000004b55000 	/System/Library/Frameworks/OpenGL.framework/Versions/A/Libraries/libGFXShared.dylib
0x0000000004b55000 	/System/Library/Frameworks/OpenGL.framework/Versions/A/Libraries/libGL.dylib
0x0000000004b55000 	/System/Library/Frameworks/OpenGL.framework/Versions/A/Libraries/libGLImage.dylib
0x0000000004b55000 	/System/Library/Frameworks/OpenGL.framework/Versions/A/Libraries/libCVMSPluginSupport.dylib
0x0000000004b55000 	/System/Library/Frameworks/OpenGL.framework/Versions/A/Libraries/libCoreVMClient.dylib
0x0000000004b55000 	/usr/lib/libcups.2.dylib
0x0000000004b55000 	/System/Library/Frameworks/Kerberos.framework/Versions/A/Kerberos
0x0000000004b55000 	/System/Library/Frameworks/GSS.framework/Versions/A/GSS
0x0000000004b55000 	/usr/lib/libresolv.9.dylib
0x0000000004b55000 	/usr/lib/libiconv.2.dylib
0x0000000004b55000 	/System/Library/PrivateFrameworks/Heimdal.framework/Versions/A/Heimdal
0x0000000004b55000 	/usr/lib/libheimdal-asn1.dylib
0x0000000004b55000 	/System/Library/Frameworks/OpenDirectory.framework/Versions/A/OpenDirectory
0x0000000004b55000 	/System/Library/PrivateFrameworks/CommonAuth.framework/Versions/A/CommonAuth
0x0000000004b55000 	/System/Library/Frameworks/OpenDirectory.framework/Versions/A/Frameworks/CFOpenDirectory.framework/Versions/A/CFOpenDirectory
0x0000000004b55000 	/System/Library/Frameworks/SecurityFoundation.framework/Versions/A/SecurityFoundation
0x0000000004b55000 	/System/Library/PrivateFrameworks/LanguageModeling.framework/Versions/A/LanguageModeling
0x0000000004b55000 	/usr/lib/libcmph.dylib
0x0000000004b55000 	/System/Library/Frameworks/ServiceManagement.framework/Versions/A/ServiceManagement
0x0000000004b55000 	/usr/lib/libxslt.1.dylib
0x0000000004b55000 	/System/Library/Frameworks/Carbon.framework/Versions/A/Frameworks/Ink.framework/Versions/A/Ink
0x0000000004b55000 	/System/Library/Frameworks/QuartzCore.framework/Versions/A/Frameworks/CoreImage.framework/Versions/A/CoreImage
0x0000000004b55000 	/System/Library/PrivateFrameworks/CrashReporterSupport.framework/Versions/A/CrashReporterSupport
0x0000000004b55000 	/System/Library/Frameworks/OpenCL.framework/Versions/A/OpenCL
0x0000000004b55000 	/System/Library/PrivateFrameworks/FaceCore.framework/Versions/A/FaceCore
0x0000000004b55000 	/System/Library/PrivateFrameworks/Ubiquity.framework/Versions/A/Ubiquity
0x0000000004b55000 	/System/Library/PrivateFrameworks/IconServices.framework/Versions/A/IconServices
0x0000000004b55000 	/System/Library/PrivateFrameworks/ChunkingLibrary.framework/Versions/A/ChunkingLibrary
0x0000000004b55000 	/System/Library/PrivateFrameworks/Apple80211.framework/Versions/A/Apple80211
0x0000000004b55000 	/System/Library/Frameworks/CoreWLAN.framework/Versions/A/CoreWLAN
0x0000000004b55000 	/System/Library/Frameworks/IOBluetooth.framework/Versions/A/IOBluetooth
0x0000000004b55000 	/System/Library/PrivateFrameworks/CoreWiFi.framework/Versions/A/CoreWiFi
0x0000000004b55000 	/System/Library/Frameworks/CoreBluetooth.framework/Versions/A/CoreBluetooth
0x0000000004b55000 	/System/Library/PrivateFrameworks/DebugSymbols.framework/Versions/A/DebugSymbols
0x0000000004b55000 	/System/Library/PrivateFrameworks/CoreSymbolication.framework/Versions/A/CoreSymbolication
0x0000000004b55000 	/System/Library/PrivateFrameworks/Symbolication.framework/Versions/A/Symbolication
0x0000000004b55000 	/System/Library/PrivateFrameworks/SpeechRecognitionCore.framework/Versions/A/SpeechRecognitionCore
0x0000000101c00000 	/Library/Java/JavaVirtualMachines/jdk1.7.0_79.jdk/Contents/Home/jre/lib/server/libjvm.dylib
0x0000000004b55000 	/usr/lib/libstdc++.6.dylib
0x000000010133a000 	/Library/Java/JavaVirtualMachines/jdk1.7.0_79.jdk/Contents/Home/jre/lib/libverify.dylib
0x0000000101347000 	/Library/Java/JavaVirtualMachines/jdk1.7.0_79.jdk/Contents/Home/jre/lib/libjava.dylib
0x0000000101381000 	/Library/Java/JavaVirtualMachines/jdk1.7.0_79.jdk/Contents/Home/jre/lib/libzip.dylib
0x000000010be38000 	/System/Library/Frameworks/JavaVM.framework/Frameworks/JavaRuntimeSupport.framework/JavaRuntimeSupport
0x000000010be4e000 	/System/Library/Frameworks/JavaVM.framework/Versions/A/Frameworks/JavaNativeFoundation.framework/Versions/A/JavaNativeFoundation
0x000000010be62000 	/System/Library/Frameworks/JavaVM.framework/Versions/A/JavaVM
0x0000000004b55000 	/System/Library/Frameworks/Carbon.framework/Versions/A/Carbon
0x000000010be6e000 	/System/Library/PrivateFrameworks/JavaLaunching.framework/Versions/A/JavaLaunching
0x0000000004b55000 	/System/Library/Frameworks/Carbon.framework/Versions/A/Frameworks/CommonPanels.framework/Versions/A/CommonPanels
0x0000000004b55000 	/System/Library/Frameworks/Carbon.framework/Versions/A/Frameworks/Help.framework/Versions/A/Help
0x0000000004b55000 	/System/Library/Frameworks/Carbon.framework/Versions/A/Frameworks/ImageCapture.framework/Versions/A/ImageCapture
0x0000000004b55000 	/System/Library/Frameworks/Carbon.framework/Versions/A/Frameworks/OpenScripting.framework/Versions/A/OpenScripting
0x0000000004b55000 	/System/Library/Frameworks/Carbon.framework/Versions/A/Frameworks/Print.framework/Versions/A/Print
0x0000000004b55000 	/System/Library/Frameworks/Carbon.framework/Versions/A/Frameworks/SecurityHI.framework/Versions/A/SecurityHI
0x000000010dd8a000 	/Library/Java/JavaVirtualMachines/jdk1.7.0_79.jdk/Contents/Home/jre/lib/libnet.dylib
0x000000010dde8000 	/Library/Java/JavaVirtualMachines/jdk1.7.0_79.jdk/Contents/Home/jre/lib/libnio.dylib
0x000000010de01000 	/Library/Java/JavaVirtualMachines/jdk1.7.0_79.jdk/Contents/Home/jre/lib/libmanagement.dylib

VM Arguments:
java_command: target/library-example-1.0-SNAPSHOT.jar server configuration.yml
Launcher Type: SUN_STANDARD

Environment Variables:
JAVA_HOME=/Library/Java/JavaVirtualMachines/jdk1.7.0_79.jdk/Contents/Home
PATH=/Library/Java/JavaVirtualMachines/jdk1.7.0_79.jdk/Contents/Home/bin:/usr/local/bin:/usr/bin:/bin:/usr/sbin:/sbin:/usr/local/git/bin:/usr/local/mysql/bin:/Users/raghunathan.mj/apache-maven-3.3.3/bin
SHELL=/bin/bash

Signal Handlers:
SIGSEGV: [libjvm.dylib+0x52daf1], sa_mask[0]=0xfffefeff, sa_flags=0x00000043
SIGBUS: [libjvm.dylib+0x52daf1], sa_mask[0]=0xfffefeff, sa_flags=0x00000042
SIGFPE: [libjvm.dylib+0x41f34e], sa_mask[0]=0xfffefeff, sa_flags=0x00000042
SIGPIPE: [libjvm.dylib+0x41f34e], sa_mask[0]=0xfffefeff, sa_flags=0x00000042
SIGXFSZ: [libjvm.dylib+0x41f34e], sa_mask[0]=0xfffefeff, sa_flags=0x00000042
SIGILL: [libjvm.dylib+0x41f34e], sa_mask[0]=0xfffefeff, sa_flags=0x00000042
SIGUSR1: SIG_DFL, sa_mask[0]=0x63807efb, sa_flags=0x00000000
SIGUSR2: [libjvm.dylib+0x41ee40], sa_mask[0]=0x00000000, sa_flags=0x00000042
SIGHUP: [libjvm.dylib+0x41d0d1], sa_mask[0]=0xfffefeff, sa_flags=0x00000042
SIGINT: [libjvm.dylib+0x41d0d1], sa_mask[0]=0xfffefeff, sa_flags=0x00000042
SIGTERM: [libjvm.dylib+0x41d0d1], sa_mask[0]=0xfffefeff, sa_flags=0x00000042
SIGQUIT: [libjvm.dylib+0x41d0d1], sa_mask[0]=0xfffefeff, sa_flags=0x00000042


---------------  S Y S T E M  ---------------

OS:Bsduname:Darwin 14.3.0 Darwin Kernel Version 14.3.0: Mon Mar 23 11:59:05 PDT 2015; root:xnu-2782.20.48~5/RELEASE_X86_64 x86_64
rlimit: STACK 8192k, CORE 0k, NPROC 709, NOFILE 10240, AS infinity
load average:2.80 2.80 2.72

CPU:total 4 (2 cores per cpu, 2 threads per core) family 6 model 61 stepping 4, cmov, cx8, fxsr, mmx, sse, sse2, sse3, ssse3, sse4.1, sse4.2, popcnt, avx, avx2, aes, erms, ht, tsc, tscinvbit

Memory: 4k page, physical 8388608k(2097152k free)

/proc/meminfo:


vm_info: Java HotSpot(TM) 64-Bit Server VM (24.79-b02) for bsd-amd64 JRE (1.7.0_79-b15), built on Apr 10 2015 11:35:04 by "java_re" with gcc 4.2.1 (Based on Apple Inc. build 5658) (LLVM build 2336.11.00)

time: Thu Jul 23 08:55:25 2015
elapsed time: 3773 seconds

